<?xml version="1.0" encoding="UTF-8"?>
<!-- Generated by org.testng.reporters.JUnitXMLReporter -->
<testsuite hostname="DESKTOP-4TKG998" ignored="0" name="APITest" tests="3" failures="0" timestamp="2020-02-09T13:52:36 CST" time="2.73" errors="0">
  <testcase name="registerUser" time="2.0" classname="apitest.FirstPostTest"/>
  <testcase name="getSingleUser" time="0.241" classname="apitest.FirstGetTest"/>
  <testcase name="updateUser" time="0.455" classname="apitest.FirstPuTest"/>
</testsuite> <!-- APITest -->
