<?xml version="1.0" encoding="UTF-8"?>
<testng-results skipped="0" failed="0" ignored="0" total="1" passed="1">
  <reporter-output>
  </reporter-output>
  <suite name="Default suite" duration-ms="1762" started-at="2020-02-20T15:39:12 CST" finished-at="2020-02-20T15:39:14 CST">
    <groups>
    </groups>
    <test name="Default test" duration-ms="1762" started-at="2020-02-20T15:39:12 CST" finished-at="2020-02-20T15:39:14 CST">
      <class name="pojoTest.DeserializationTest">
        <test-method status="PASS" signature="getWeatherTest()[pri:0, instance:pojoTest.DeserializationTest@57855c9a]" name="getWeatherTest" duration-ms="1729" started-at="2020-02-20T15:39:12 CST" finished-at="2020-02-20T15:39:14 CST">
          <reporter-output>
          </reporter-output>
        </test-method> <!-- getWeatherTest -->
      </class> <!-- pojoTest.DeserializationTest -->
    </test> <!-- Default test -->
  </suite> <!-- Default suite -->
</testng-results>
